2020-02-16 14:47:11,779 INFO  [Log]  ====================================================== 
2020-02-16 14:47:11,779 INFO  [Log]  *********   百度搜索：selenium java用例开始执行   ********* 
2020-02-16 14:47:11,779 INFO  [Log]  设置浏览器驱动路径 
2020-02-16 14:47:11,779 INFO  [Log]  初始化Chrome浏览器 
2020-02-16 14:47:15,387 INFO  [Log]  访问百度首页 
2020-02-16 14:47:16,841 INFO  [Log]  百度首页输入框中输入：selenium java 
2020-02-16 14:47:17,168 INFO  [Log]  点击 百度一下 按钮 
2020-02-16 14:47:17,272 INFO  [Log]  断言页面Title值是否为：selenium java_百度搜索 
2020-02-16 14:47:19,285 INFO  [Log]  退出Chrome浏览器 
2020-02-16 14:47:20,107 INFO  [Log]  *********   搜索用例执行结束   ********* 
2020-02-16 14:47:20,107 INFO  [Log]  ====================================================== 
2020-02-16 15:05:00,401 INFO  [Log]  ====================================================== 
2020-02-16 15:05:00,402 INFO  [Log]  *********   百度搜索：selenium java用例开始执行   ********* 
2020-02-16 15:05:00,402 INFO  [Log]  设置浏览器驱动路径 
2020-02-16 15:05:00,402 INFO  [Log]  初始化Chrome浏览器 
2020-02-16 15:05:03,826 INFO  [Log]  访问百度首页 
2020-02-16 15:05:05,200 INFO  [Log]  百度首页输入框中输入：selenium java 
2020-02-16 15:05:05,468 INFO  [Log]  点击 百度一下 按钮 
2020-02-16 15:05:05,564 INFO  [Log]  断言页面Title值是否为：selenium java_百度搜索 
2020-02-16 15:05:07,579 INFO  [Log]  退出Chrome浏览器 
2020-02-16 15:05:08,382 INFO  [Log]  *********   搜索用例执行结束   ********* 
2020-02-16 15:05:08,382 INFO  [Log]  ====================================================== 
2020-02-16 15:05:59,902 INFO  [Log]  读取log4j配置文件 Log4j.xml 的信息 
2020-02-16 15:05:59,906 INFO  [Log]  ====================================================== 
2020-02-16 15:05:59,906 INFO  [Log]  *********   百度搜索：selenium java用例开始执行   ********* 
2020-02-16 15:05:59,906 INFO  [Log]  设置浏览器驱动路径 
2020-02-16 15:05:59,907 INFO  [Log]  初始化Chrome浏览器 
2020-02-16 15:06:03,368 INFO  [Log]  访问百度首页 
2020-02-16 15:06:05,698 INFO  [Log]  百度首页输入框中输入：selenium java 
2020-02-16 15:06:06,103 INFO  [Log]  点击 百度一下 按钮 
2020-02-16 15:06:06,233 INFO  [Log]  断言页面Title值是否为：selenium java_百度搜索 
2020-02-16 15:06:08,246 INFO  [Log]  退出Chrome浏览器 
2020-02-16 15:06:09,169 INFO  [Log]  *********   搜索用例执行结束   ********* 
2020-02-16 15:06:09,169 INFO  [Log]  ====================================================== 
